<?xml version="1.0" encoding="UTF-8"?>
<!-- Generated by org.testng.reporters.JUnitReportReporter -->
<testsuite hostname="Shital_Sangale" failures="0" tests="1" name="eCommerseproject.Amazon" time="24.440" errors="0" timestamp="2023-07-25T19:11:04 IST" skipped="0">
  <testcase classname="eCommerseproject.Amazon" name="amazontest" time="24.440"/>
  <system-out>
    <![CDATA[opening amazon]]>
  </system-out>
</testsuite> <!-- eCommerseproject.Amazon -->
