<?xml version="1.0" encoding="UTF-8"?>
<!-- Generated by org.testng.reporters.JUnitReportReporter -->
<testsuite hostname="Shital_Sangale" failures="0" tests="1" name="eCommerseproject.Ajio" time="26.553" errors="0" timestamp="2023-07-25T19:11:04 IST" skipped="0">
  <testcase classname="eCommerseproject.Ajio" name="ajiotest" time="26.553"/>
  <system-out>
    <![CDATA[ajio opening]]>
  </system-out>
</testsuite> <!-- eCommerseproject.Ajio -->
