<?xml version="1.0" encoding="UTF-8"?>
<!-- Generated by org.testng.reporters.JUnitReportReporter -->
<testsuite hostname="Shital_Sangale" failures="0" tests="1" name="eCommerseproject.Flipcart" time="27.028" errors="0" timestamp="2023-07-25T19:11:04 IST" skipped="0">
  <testcase classname="eCommerseproject.Flipcart" name="flipcarttest" time="27.028"/>
  <system-out>
    <![CDATA[opening flipcart]]>
  </system-out>
</testsuite> <!-- eCommerseproject.Flipcart -->
